Starting with config: plus_last_even
Loaded configuration: plus_last_even
Filtered to 149 checkpoints within training range (max_steps=15000)
Creating comprehensive video from 149 checkpoints: [100, 200, 300, 400, 500]...[14500, 14600, 14700, 14800, 14900]
Calculating global axis limits for all plots...
Checkpoint loaded from plus_last_even\checkpoints\step_000100 (step: 100)
Checkpoint loaded from plus_last_even\checkpoints\step_000200 (step: 200)
Checkpoint loaded from plus_last_even\checkpoints\step_000300 (step: 300)
Checkpoint loaded from plus_last_even\checkpoints\step_000400 (step: 400)
Checkpoint loaded from plus_last_even\checkpoints\step_000500 (step: 500)
Checkpoint loaded from plus_last_even\checkpoints\step_000600 (step: 600)
Checkpoint loaded from plus_last_even\checkpoints\step_000700 (step: 700)
Checkpoint loaded from plus_last_even\checkpoints\step_000800 (step: 800)
Checkpoint loaded from plus_last_even\checkpoints\step_000900 (step: 900)
Checkpoint loaded from plus_last_even\checkpoints\step_001000 (step: 1000)
Checkpoint loaded from plus_last_even\checkpoints\step_001100 (step: 1100)
Checkpoint loaded from plus_last_even\checkpoints\step_001200 (step: 1200)
Checkpoint loaded from plus_last_even\checkpoints\step_001300 (step: 1300)
Checkpoint loaded from plus_last_even\checkpoints\step_001400 (step: 1400)
Checkpoint loaded from plus_last_even\checkpoints\step_001500 (step: 1500)
Checkpoint loaded from plus_last_even\checkpoints\step_001600 (step: 1600)
Checkpoint loaded from plus_last_even\checkpoints\step_001700 (step: 1700)
Checkpoint loaded from plus_last_even\checkpoints\step_001800 (step: 1800)
Checkpoint loaded from plus_last_even\checkpoints\step_001900 (step: 1900)
Checkpoint loaded from plus_last_even\checkpoints\step_002000 (step: 2000)
Checkpoint loaded from plus_last_even\checkpoints\step_002100 (step: 2100)
Checkpoint loaded from plus_last_even\checkpoints\step_002200 (step: 2200)
Checkpoint loaded from plus_last_even\checkpoints\step_002300 (step: 2300)
Checkpoint loaded from plus_last_even\checkpoints\step_002400 (step: 2400)
Checkpoint loaded from plus_last_even\checkpoints\step_002500 (step: 2500)
Checkpoint loaded from plus_last_even\checkpoints\step_002600 (step: 2600)
Checkpoint loaded from plus_last_even\checkpoints\step_002700 (step: 2700)
Checkpoint loaded from plus_last_even\checkpoints\step_002800 (step: 2800)
Checkpoint loaded from plus_last_even\checkpoints\step_002900 (step: 2900)
Checkpoint loaded from plus_last_even\checkpoints\step_003000 (step: 3000)
Checkpoint loaded from plus_last_even\checkpoints\step_003100 (step: 3100)
Checkpoint loaded from plus_last_even\checkpoints\step_003200 (step: 3200)
Checkpoint loaded from plus_last_even\checkpoints\step_003300 (step: 3300)
Checkpoint loaded from plus_last_even\checkpoints\step_003400 (step: 3400)
Checkpoint loaded from plus_last_even\checkpoints\step_003500 (step: 3500)
Checkpoint loaded from plus_last_even\checkpoints\step_003600 (step: 3600)
Checkpoint loaded from plus_last_even\checkpoints\step_003700 (step: 3700)
Checkpoint loaded from plus_last_even\checkpoints\step_003800 (step: 3800)
Checkpoint loaded from plus_last_even\checkpoints\step_003900 (step: 3900)
Checkpoint loaded from plus_last_even\checkpoints\step_004000 (step: 4000)
Checkpoint loaded from plus_last_even\checkpoints\step_004100 (step: 4100)
Checkpoint loaded from plus_last_even\checkpoints\step_004200 (step: 4200)
Checkpoint loaded from plus_last_even\checkpoints\step_004300 (step: 4300)
Checkpoint loaded from plus_last_even\checkpoints\step_004400 (step: 4400)
Checkpoint loaded from plus_last_even\checkpoints\step_004500 (step: 4500)
Checkpoint loaded from plus_last_even\checkpoints\step_004600 (step: 4600)
Checkpoint loaded from plus_last_even\checkpoints\step_004700 (step: 4700)
Checkpoint loaded from plus_last_even\checkpoints\step_004800 (step: 4800)
Checkpoint loaded from plus_last_even\checkpoints\step_004900 (step: 4900)
Checkpoint loaded from plus_last_even\checkpoints\step_005000 (step: 5000)
Checkpoint loaded from plus_last_even\checkpoints\step_005100 (step: 5100)
Checkpoint loaded from plus_last_even\checkpoints\step_005200 (step: 5200)
Checkpoint loaded from plus_last_even\checkpoints\step_005300 (step: 5300)
Checkpoint loaded from plus_last_even\checkpoints\step_005400 (step: 5400)
Checkpoint loaded from plus_last_even\checkpoints\step_005500 (step: 5500)
Checkpoint loaded from plus_last_even\checkpoints\step_005600 (step: 5600)
Checkpoint loaded from plus_last_even\checkpoints\step_005700 (step: 5700)
Checkpoint loaded from plus_last_even\checkpoints\step_005800 (step: 5800)
Checkpoint loaded from plus_last_even\checkpoints\step_005900 (step: 5900)
Checkpoint loaded from plus_last_even\checkpoints\step_006000 (step: 6000)
Checkpoint loaded from plus_last_even\checkpoints\step_006100 (step: 6100)
Checkpoint loaded from plus_last_even\checkpoints\step_006200 (step: 6200)
Checkpoint loaded from plus_last_even\checkpoints\step_006300 (step: 6300)
Checkpoint loaded from plus_last_even\checkpoints\step_006400 (step: 6400)
Checkpoint loaded from plus_last_even\checkpoints\step_006500 (step: 6500)
Checkpoint loaded from plus_last_even\checkpoints\step_006600 (step: 6600)
Checkpoint loaded from plus_last_even\checkpoints\step_006700 (step: 6700)
Checkpoint loaded from plus_last_even\checkpoints\step_006800 (step: 6800)
Checkpoint loaded from plus_last_even\checkpoints\step_006900 (step: 6900)
Checkpoint loaded from plus_last_even\checkpoints\step_007000 (step: 7000)
Checkpoint loaded from plus_last_even\checkpoints\step_007100 (step: 7100)
Checkpoint loaded from plus_last_even\checkpoints\step_007200 (step: 7200)
Checkpoint loaded from plus_last_even\checkpoints\step_007300 (step: 7300)
Checkpoint loaded from plus_last_even\checkpoints\step_007400 (step: 7400)
Checkpoint loaded from plus_last_even\checkpoints\step_007500 (step: 7500)
Checkpoint loaded from plus_last_even\checkpoints\step_007600 (step: 7600)
Checkpoint loaded from plus_last_even\checkpoints\step_007700 (step: 7700)
Checkpoint loaded from plus_last_even\checkpoints\step_007800 (step: 7800)
Checkpoint loaded from plus_last_even\checkpoints\step_007900 (step: 7900)
Checkpoint loaded from plus_last_even\checkpoints\step_008000 (step: 8000)
Checkpoint loaded from plus_last_even\checkpoints\step_008100 (step: 8100)
Checkpoint loaded from plus_last_even\checkpoints\step_008200 (step: 8200)
Checkpoint loaded from plus_last_even\checkpoints\step_008300 (step: 8300)
Checkpoint loaded from plus_last_even\checkpoints\step_008400 (step: 8400)
Checkpoint loaded from plus_last_even\checkpoints\step_008500 (step: 8500)
Checkpoint loaded from plus_last_even\checkpoints\step_008600 (step: 8600)
Checkpoint loaded from plus_last_even\checkpoints\step_008700 (step: 8700)
Checkpoint loaded from plus_last_even\checkpoints\step_008800 (step: 8800)
Checkpoint loaded from plus_last_even\checkpoints\step_008900 (step: 8900)
Checkpoint loaded from plus_last_even\checkpoints\step_009000 (step: 9000)
Checkpoint loaded from plus_last_even\checkpoints\step_009100 (step: 9100)
Checkpoint loaded from plus_last_even\checkpoints\step_009200 (step: 9200)
Checkpoint loaded from plus_last_even\checkpoints\step_009300 (step: 9300)
Checkpoint loaded from plus_last_even\checkpoints\step_009400 (step: 9400)
Checkpoint loaded from plus_last_even\checkpoints\step_009500 (step: 9500)
Checkpoint loaded from plus_last_even\checkpoints\step_009600 (step: 9600)
Checkpoint loaded from plus_last_even\checkpoints\step_009700 (step: 9700)
Checkpoint loaded from plus_last_even\checkpoints\step_009800 (step: 9800)
Checkpoint loaded from plus_last_even\checkpoints\step_009900 (step: 9900)
Checkpoint loaded from plus_last_even\checkpoints\step_010000 (step: 10000)
Checkpoint loaded from plus_last_even\checkpoints\step_010100 (step: 10100)
Checkpoint loaded from plus_last_even\checkpoints\step_010200 (step: 10200)
Checkpoint loaded from plus_last_even\checkpoints\step_010300 (step: 10300)
Checkpoint loaded from plus_last_even\checkpoints\step_010400 (step: 10400)
Checkpoint loaded from plus_last_even\checkpoints\step_010500 (step: 10500)
Checkpoint loaded from plus_last_even\checkpoints\step_010600 (step: 10600)
Checkpoint loaded from plus_last_even\checkpoints\step_010700 (step: 10700)
Checkpoint loaded from plus_last_even\checkpoints\step_010800 (step: 10800)
Checkpoint loaded from plus_last_even\checkpoints\step_010900 (step: 10900)
Checkpoint loaded from plus_last_even\checkpoints\step_011000 (step: 11000)
Checkpoint loaded from plus_last_even\checkpoints\step_011100 (step: 11100)
Checkpoint loaded from plus_last_even\checkpoints\step_011200 (step: 11200)
Checkpoint loaded from plus_last_even\checkpoints\step_011300 (step: 11300)
Checkpoint loaded from plus_last_even\checkpoints\step_011400 (step: 11400)
Checkpoint loaded from plus_last_even\checkpoints\step_011500 (step: 11500)
Checkpoint loaded from plus_last_even\checkpoints\step_011600 (step: 11600)
Checkpoint loaded from plus_last_even\checkpoints\step_011700 (step: 11700)
Checkpoint loaded from plus_last_even\checkpoints\step_011800 (step: 11800)
Checkpoint loaded from plus_last_even\checkpoints\step_011900 (step: 11900)
Checkpoint loaded from plus_last_even\checkpoints\step_012000 (step: 12000)
Checkpoint loaded from plus_last_even\checkpoints\step_012100 (step: 12100)
Checkpoint loaded from plus_last_even\checkpoints\step_012200 (step: 12200)
Checkpoint loaded from plus_last_even\checkpoints\step_012300 (step: 12300)
Checkpoint loaded from plus_last_even\checkpoints\step_012400 (step: 12400)
Checkpoint loaded from plus_last_even\checkpoints\step_012500 (step: 12500)
Checkpoint loaded from plus_last_even\checkpoints\step_012600 (step: 12600)
Checkpoint loaded from plus_last_even\checkpoints\step_012700 (step: 12700)
Checkpoint loaded from plus_last_even\checkpoints\step_012800 (step: 12800)
Checkpoint loaded from plus_last_even\checkpoints\step_012900 (step: 12900)
Checkpoint loaded from plus_last_even\checkpoints\step_013000 (step: 13000)
Checkpoint loaded from plus_last_even\checkpoints\step_013100 (step: 13100)
Checkpoint loaded from plus_last_even\checkpoints\step_013200 (step: 13200)
Checkpoint loaded from plus_last_even\checkpoints\step_013300 (step: 13300)
Checkpoint loaded from plus_last_even\checkpoints\step_013400 (step: 13400)
Checkpoint loaded from plus_last_even\checkpoints\step_013500 (step: 13500)
Checkpoint loaded from plus_last_even\checkpoints\step_013600 (step: 13600)
Checkpoint loaded from plus_last_even\checkpoints\step_013700 (step: 13700)
Checkpoint loaded from plus_last_even\checkpoints\step_013800 (step: 13800)
Checkpoint loaded from plus_last_even\checkpoints\step_013900 (step: 13900)
Checkpoint loaded from plus_last_even\checkpoints\step_014000 (step: 14000)
Checkpoint loaded from plus_last_even\checkpoints\step_014100 (step: 14100)
Checkpoint loaded from plus_last_even\checkpoints\step_014200 (step: 14200)
Checkpoint loaded from plus_last_even\checkpoints\step_014300 (step: 14300)
Checkpoint loaded from plus_last_even\checkpoints\step_014400 (step: 14400)
Checkpoint loaded from plus_last_even\checkpoints\step_014500 (step: 14500)
Checkpoint loaded from plus_last_even\checkpoints\step_014600 (step: 14600)
Checkpoint loaded from plus_last_even\checkpoints\step_014700 (step: 14700)
Checkpoint loaded from plus_last_even\checkpoints\step_014800 (step: 14800)
Checkpoint loaded from plus_last_even\checkpoints\step_014900 (step: 14900)
Global limits calculated for 8 plots
Generating plots for video frames...
Checkpoint loaded from plus_last_even\checkpoints\step_000100 (step: 100)
Checkpoint loaded from plus_last_even\checkpoints\step_000200 (step: 200)
Checkpoint loaded from plus_last_even\checkpoints\step_000300 (step: 300)
Checkpoint loaded from plus_last_even\checkpoints\step_000400 (step: 400)
Checkpoint loaded from plus_last_even\checkpoints\step_000500 (step: 500)
Checkpoint loaded from plus_last_even\checkpoints\step_000600 (step: 600)
Checkpoint loaded from plus_last_even\checkpoints\step_000700 (step: 700)
Checkpoint loaded from plus_last_even\checkpoints\step_000800 (step: 800)
Checkpoint loaded from plus_last_even\checkpoints\step_000900 (step: 900)
Checkpoint loaded from plus_last_even\checkpoints\step_001000 (step: 1000)
  Generated 10/149 frames...
Checkpoint loaded from plus_last_even\checkpoints\step_001100 (step: 1100)
Checkpoint loaded from plus_last_even\checkpoints\step_001200 (step: 1200)
Checkpoint loaded from plus_last_even\checkpoints\step_001300 (step: 1300)
Checkpoint loaded from plus_last_even\checkpoints\step_001400 (step: 1400)
Checkpoint loaded from plus_last_even\checkpoints\step_001500 (step: 1500)
Checkpoint loaded from plus_last_even\checkpoints\step_001600 (step: 1600)
Checkpoint loaded from plus_last_even\checkpoints\step_001700 (step: 1700)
Checkpoint loaded from plus_last_even\checkpoints\step_001800 (step: 1800)
Checkpoint loaded from plus_last_even\checkpoints\step_001900 (step: 1900)
Checkpoint loaded from plus_last_even\checkpoints\step_002000 (step: 2000)
  Generated 20/149 frames...
Checkpoint loaded from plus_last_even\checkpoints\step_002100 (step: 2100)
Checkpoint loaded from plus_last_even\checkpoints\step_002200 (step: 2200)
Checkpoint loaded from plus_last_even\checkpoints\step_002300 (step: 2300)
Checkpoint loaded from plus_last_even\checkpoints\step_002400 (step: 2400)
Checkpoint loaded from plus_last_even\checkpoints\step_002500 (step: 2500)
Checkpoint loaded from plus_last_even\checkpoints\step_002600 (step: 2600)
Checkpoint loaded from plus_last_even\checkpoints\step_002700 (step: 2700)
Checkpoint loaded from plus_last_even\checkpoints\step_002800 (step: 2800)
Checkpoint loaded from plus_last_even\checkpoints\step_002900 (step: 2900)
Checkpoint loaded from plus_last_even\checkpoints\step_003000 (step: 3000)
  Generated 30/149 frames...
Checkpoint loaded from plus_last_even\checkpoints\step_003100 (step: 3100)
Checkpoint loaded from plus_last_even\checkpoints\step_003200 (step: 3200)
Checkpoint loaded from plus_last_even\checkpoints\step_003300 (step: 3300)
Checkpoint loaded from plus_last_even\checkpoints\step_003400 (step: 3400)
Checkpoint loaded from plus_last_even\checkpoints\step_003500 (step: 3500)
Checkpoint loaded from plus_last_even\checkpoints\step_003600 (step: 3600)
Checkpoint loaded from plus_last_even\checkpoints\step_003700 (step: 3700)
Checkpoint loaded from plus_last_even\checkpoints\step_003800 (step: 3800)
Checkpoint loaded from plus_last_even\checkpoints\step_003900 (step: 3900)
Checkpoint loaded from plus_last_even\checkpoints\step_004000 (step: 4000)
  Generated 40/149 frames...
Checkpoint loaded from plus_last_even\checkpoints\step_004100 (step: 4100)
Checkpoint loaded from plus_last_even\checkpoints\step_004200 (step: 4200)
Checkpoint loaded from plus_last_even\checkpoints\step_004300 (step: 4300)
Checkpoint loaded from plus_last_even\checkpoints\step_004400 (step: 4400)
Checkpoint loaded from plus_last_even\checkpoints\step_004500 (step: 4500)
Checkpoint loaded from plus_last_even\checkpoints\step_004600 (step: 4600)
Checkpoint loaded from plus_last_even\checkpoints\step_004700 (step: 4700)
Checkpoint loaded from plus_last_even\checkpoints\step_004800 (step: 4800)
Checkpoint loaded from plus_last_even\checkpoints\step_004900 (step: 4900)
Checkpoint loaded from plus_last_even\checkpoints\step_005000 (step: 5000)
  Generated 50/149 frames...
Checkpoint loaded from plus_last_even\checkpoints\step_005100 (step: 5100)
Checkpoint loaded from plus_last_even\checkpoints\step_005200 (step: 5200)
Checkpoint loaded from plus_last_even\checkpoints\step_005300 (step: 5300)
Checkpoint loaded from plus_last_even\checkpoints\step_005400 (step: 5400)
Checkpoint loaded from plus_last_even\checkpoints\step_005500 (step: 5500)
Checkpoint loaded from plus_last_even\checkpoints\step_005600 (step: 5600)
Checkpoint loaded from plus_last_even\checkpoints\step_005700 (step: 5700)
Checkpoint loaded from plus_last_even\checkpoints\step_005800 (step: 5800)
Checkpoint loaded from plus_last_even\checkpoints\step_005900 (step: 5900)
python : IMAGEIO FFMPEG_WRITER WARNING: input image is not divisible by macro_block_size=16, resizing from (3584, 
2945) to (3584, 2960) to ensure video compatibility with most codecs and players. To prevent resizing, make your input 
image divisible by the macro_block_size or set the macro_block_size to 1 (risking incompatibility).
At C:\Users\tmold\AppData\Local\Temp\ps-script-e4de74f2-b3f8-4c73-90ee-5a4504e90313.ps1:78 char:1
+ python main.py plus_last_even --video-qkv --fps 10 2>&1 | Out-File -F ...
+ ~~~~~~~~~~~~~~~~~~~~~~~~~~~~~~~~~~~~~~~~~~~~~~~~~~~~~~~
    + CategoryInfo          : NotSpecified: (IMAGEIO FFMPEG_...compatibility).:String) [], RemoteException
    + FullyQualifiedErrorId : NativeCommandError
 
Checkpoint loaded from plus_last_even\checkpoints\step_006000 (step: 6000)
  Generated 60/149 frames...
Checkpoint loaded from plus_last_even\checkpoints\step_006100 (step: 6100)
Checkpoint loaded from plus_last_even\checkpoints\step_006200 (step: 6200)
Checkpoint loaded from plus_last_even\checkpoints\step_006300 (step: 6300)
Checkpoint loaded from plus_last_even\checkpoints\step_006400 (step: 6400)
Checkpoint loaded from plus_last_even\checkpoints\step_006500 (step: 6500)
Checkpoint loaded from plus_last_even\checkpoints\step_006600 (step: 6600)
Checkpoint loaded from plus_last_even\checkpoints\step_006700 (step: 6700)
Checkpoint loaded from plus_last_even\checkpoints\step_006800 (step: 6800)
Checkpoint loaded from plus_last_even\checkpoints\step_006900 (step: 6900)
Checkpoint loaded from plus_last_even\checkpoints\step_007000 (step: 7000)
  Generated 70/149 frames...
Checkpoint loaded from plus_last_even\checkpoints\step_007100 (step: 7100)
Checkpoint loaded from plus_last_even\checkpoints\step_007200 (step: 7200)
Checkpoint loaded from plus_last_even\checkpoints\step_007300 (step: 7300)
Checkpoint loaded from plus_last_even\checkpoints\step_007400 (step: 7400)
Checkpoint loaded from plus_last_even\checkpoints\step_007500 (step: 7500)
Checkpoint loaded from plus_last_even\checkpoints\step_007600 (step: 7600)
Checkpoint loaded from plus_last_even\checkpoints\step_007700 (step: 7700)
Checkpoint loaded from plus_last_even\checkpoints\step_007800 (step: 7800)
Checkpoint loaded from plus_last_even\checkpoints\step_007900 (step: 7900)
Checkpoint loaded from plus_last_even\checkpoints\step_008000 (step: 8000)
  Generated 80/149 frames...
Checkpoint loaded from plus_last_even\checkpoints\step_008100 (step: 8100)
Checkpoint loaded from plus_last_even\checkpoints\step_008200 (step: 8200)
Checkpoint loaded from plus_last_even\checkpoints\step_008300 (step: 8300)
Checkpoint loaded from plus_last_even\checkpoints\step_008400 (step: 8400)
Checkpoint loaded from plus_last_even\checkpoints\step_008500 (step: 8500)
Checkpoint loaded from plus_last_even\checkpoints\step_008600 (step: 8600)
Checkpoint loaded from plus_last_even\checkpoints\step_008700 (step: 8700)
Checkpoint loaded from plus_last_even\checkpoints\step_008800 (step: 8800)
Checkpoint loaded from plus_last_even\checkpoints\step_008900 (step: 8900)
Checkpoint loaded from plus_last_even\checkpoints\step_009000 (step: 9000)
  Generated 90/149 frames...
Checkpoint loaded from plus_last_even\checkpoints\step_009100 (step: 9100)
Checkpoint loaded from plus_last_even\checkpoints\step_009200 (step: 9200)
Checkpoint loaded from plus_last_even\checkpoints\step_009300 (step: 9300)
Checkpoint loaded from plus_last_even\checkpoints\step_009400 (step: 9400)
Checkpoint loaded from plus_last_even\checkpoints\step_009500 (step: 9500)
Checkpoint loaded from plus_last_even\checkpoints\step_009600 (step: 9600)
Checkpoint loaded from plus_last_even\checkpoints\step_009700 (step: 9700)
Checkpoint loaded from plus_last_even\checkpoints\step_009800 (step: 9800)
Checkpoint loaded from plus_last_even\checkpoints\step_009900 (step: 9900)
Checkpoint loaded from plus_last_even\checkpoints\step_010000 (step: 10000)
  Generated 100/149 frames...
Checkpoint loaded from plus_last_even\checkpoints\step_010100 (step: 10100)
Checkpoint loaded from plus_last_even\checkpoints\step_010200 (step: 10200)
Checkpoint loaded from plus_last_even\checkpoints\step_010300 (step: 10300)
Checkpoint loaded from plus_last_even\checkpoints\step_010400 (step: 10400)
Checkpoint loaded from plus_last_even\checkpoints\step_010500 (step: 10500)
Checkpoint loaded from plus_last_even\checkpoints\step_010600 (step: 10600)
Checkpoint loaded from plus_last_even\checkpoints\step_010700 (step: 10700)
Checkpoint loaded from plus_last_even\checkpoints\step_010800 (step: 10800)
Checkpoint loaded from plus_last_even\checkpoints\step_010900 (step: 10900)
Checkpoint loaded from plus_last_even\checkpoints\step_011000 (step: 11000)
  Generated 110/149 frames...
Checkpoint loaded from plus_last_even\checkpoints\step_011100 (step: 11100)
Checkpoint loaded from plus_last_even\checkpoints\step_011200 (step: 11200)
Checkpoint loaded from plus_last_even\checkpoints\step_011300 (step: 11300)
Checkpoint loaded from plus_last_even\checkpoints\step_011400 (step: 11400)
Checkpoint loaded from plus_last_even\checkpoints\step_011500 (step: 11500)
Checkpoint loaded from plus_last_even\checkpoints\step_011600 (step: 11600)
Checkpoint loaded from plus_last_even\checkpoints\step_011700 (step: 11700)
Checkpoint loaded from plus_last_even\checkpoints\step_011800 (step: 11800)
Checkpoint loaded from plus_last_even\checkpoints\step_011900 (step: 11900)
Checkpoint loaded from plus_last_even\checkpoints\step_012000 (step: 12000)
  Generated 120/149 frames...
Checkpoint loaded from plus_last_even\checkpoints\step_012100 (step: 12100)
Checkpoint loaded from plus_last_even\checkpoints\step_012200 (step: 12200)
Checkpoint loaded from plus_last_even\checkpoints\step_012300 (step: 12300)
Checkpoint loaded from plus_last_even\checkpoints\step_012400 (step: 12400)
Checkpoint loaded from plus_last_even\checkpoints\step_012500 (step: 12500)
Checkpoint loaded from plus_last_even\checkpoints\step_012600 (step: 12600)
Checkpoint loaded from plus_last_even\checkpoints\step_012700 (step: 12700)
Checkpoint loaded from plus_last_even\checkpoints\step_012800 (step: 12800)
Checkpoint loaded from plus_last_even\checkpoints\step_012900 (step: 12900)
Checkpoint loaded from plus_last_even\checkpoints\step_013000 (step: 13000)
  Generated 130/149 frames...
Checkpoint loaded from plus_last_even\checkpoints\step_013100 (step: 13100)
Checkpoint loaded from plus_last_even\checkpoints\step_013200 (step: 13200)
Checkpoint loaded from plus_last_even\checkpoints\step_013300 (step: 13300)
Checkpoint loaded from plus_last_even\checkpoints\step_013400 (step: 13400)
Checkpoint loaded from plus_last_even\checkpoints\step_013500 (step: 13500)
Checkpoint loaded from plus_last_even\checkpoints\step_013600 (step: 13600)
Checkpoint loaded from plus_last_even\checkpoints\step_013700 (step: 13700)
Checkpoint loaded from plus_last_even\checkpoints\step_013800 (step: 13800)
Checkpoint loaded from plus_last_even\checkpoints\step_013900 (step: 13900)
Checkpoint loaded from plus_last_even\checkpoints\step_014000 (step: 14000)
  Generated 140/149 frames...
Checkpoint loaded from plus_last_even\checkpoints\step_014100 (step: 14100)
Checkpoint loaded from plus_last_even\checkpoints\step_014200 (step: 14200)
Checkpoint loaded from plus_last_even\checkpoints\step_014300 (step: 14300)
Checkpoint loaded from plus_last_even\checkpoints\step_014400 (step: 14400)
Checkpoint loaded from plus_last_even\checkpoints\step_014500 (step: 14500)
Checkpoint loaded from plus_last_even\checkpoints\step_014600 (step: 14600)
Checkpoint loaded from plus_last_even\checkpoints\step_014700 (step: 14700)
Checkpoint loaded from plus_last_even\checkpoints\step_014800 (step: 14800)
Checkpoint loaded from plus_last_even\checkpoints\step_014900 (step: 14900)
Creating video and GIF from 149 frames...
Successfully loaded 149 frames
Error writing MP4: [Errno 22] Invalid argument

FFMPEG COMMAND:
C:\Users\tmold\AppData\Local\Packages\PythonSoftwareFoundation.Python.3.13_qbz5n2kfra8p0\LocalCache\local-packages\Python313\site-packages\imageio_ffmpeg\binaries\ffmpeg-win-x86_64-v7.1.exe -y -f rawvideo -vcodec rawvideo -s 3584x2945 -pix_fmt rgba -r 10.00 -i - -an -vcodec libx264 -pix_fmt yuv420p -crf 10 -vf scale=3584:2960 -v warning C:\Code\creating_transformer\plus_last_even\plots\embedding_qkv_evolution.mp4

FFMPEG STDERR OUTPUT:

GIF saved to: plus_last_even\plots\embedding_qkv_evolution.gif (149 frames, 14.9s at 10 fps)
Temporary files cleaned up
